<orm displayName="hedata_db" x:schema="/nop/schema/orm/orm.xdef" xmlns:x="/nop/schema/xdsl.xdef">
    <entities>
        <entity className="app.entity.TPurchaseOrder" displayName="采购单信息表" name="app.entity.TPurchaseOrder"
                tableName="t_purchase_order">
            <columns>
                <column code="ID" displayName="编号" mandatory="true" name="id" primary="true" propId="1"
                        stdDataType="long" stdSqlType="BIGINT"/>
                <column code="TENANTID" displayName="租户ID" name="tenantid" propId="2" stdDataType="long"
                        stdSqlType="BIGINT"/>
                <column code="PCODE" displayName="采购单编码" name="pcode" precision="50" propId="3" stdDataType="string"
                        stdSqlType="VARCHAR"/>
                <column code="SID" displayName="供应商ID" name="sid" propId="4" stdDataType="long" stdSqlType="BIGINT"/>
                <column code="ORDERDATE" displayName="下单日期" name="orderdate" propId="5" stdDataType="datetime"
                        stdSqlType="DATETIME"/>
                <column code="ORDERSTATUS" comment="已下单、已到货待验收、验收完毕待入库、已入库" displayName="采购单状态" name="orderstatus"
                        propId="6" stdDataType="int" stdSqlType="INTEGER"/>
                <column code="EXPECTEDARRIVALDATE" displayName="预计到货日期" name="expectedarrivaldate" propId="7"
                        stdDataType="datetime" stdSqlType="DATETIME"/>
                <column code="ARRIVALDATE" displayName="实际到货日期" name="arrivaldate" propId="8" stdDataType="datetime"
                        stdSqlType="DATETIME"/>
                <column code="PURCHASEUNITPRICE" displayName="采购单价" name="purchaseunitprice" precision="8" propId="9"
                        scale="3" stdDataType="decimal" stdSqlType="DECIMAL"/>
                <column code="PURCHASEQUANTITY" displayName="采购数量" name="purchasequantity" precision="8" propId="10"
                        scale="3" stdDataType="decimal" stdSqlType="DECIMAL"/>
                <column code="PURCHASER" displayName="采购人" name="purchaser" precision="20" propId="11"
                        stdDataType="string" stdSqlType="VARCHAR"/>
            </columns>
            <relations>
                <to-one displayName="供应商" name="supplier" refDisplayName="采购单信息表" refEntityName="app.entity.TSupplier"
                        tagSet="pub">
                    <join>
                        <on leftProp="sid" rightProp="id"/>
                    </join>
                </to-one>
            </relations>
        </entity>
        <entity className="app.entity.TSupplier" displayName="供应商信息表" name="app.entity.TSupplier" tableName="t_supplier">
            <columns>
                <column code="ID" displayName="编号" mandatory="true" name="id" primary="true" propId="1"
                        stdDataType="long" stdSqlType="BIGINT"/>
                <column code="TENANTID" displayName="租户ID" name="tenantid" propId="2" stdDataType="long"
                        stdSqlType="BIGINT"/>
                <column code="SUPPLIERTENANTID" comment="如果供应商也是本系统租户，这里可以关联，实现后续库存信息开放给供应商功能" displayName="供应商租户ID"
                        name="suppliertenantid" propId="3" stdDataType="long" stdSqlType="BIGINT"/>
                <column code="SCODE" displayName="供应商编码" name="scode" precision="20" propId="4" stdDataType="string"
                        stdSqlType="VARCHAR"/>
                <column code="SSHORTNAME" displayName="供应商简称" name="sshortname" precision="30" propId="5"
                        stdDataType="string" stdSqlType="VARCHAR"/>
                <column code="SNAME" displayName="供应商全称" name="sname" precision="100" propId="6" stdDataType="string"
                        stdSqlType="VARCHAR"/>
                <column code="SCREATETIME" displayName="创建日期" name="screatetime" propId="7" stdDataType="datetime"
                        stdSqlType="DATETIME"/>
                <column code="SMODIFYTIME" displayName="修改日期" name="smodifytime" propId="8" stdDataType="datetime"
                        stdSqlType="DATETIME"/>
                <column code="STEL" displayName="联系方式" name="stel" precision="50" propId="9" stdDataType="string"
                        stdSqlType="VARCHAR"/>
                <column code="SLIAISON" displayName="联系人" name="sliaison" precision="20" propId="10"
                        stdDataType="string" stdSqlType="VARCHAR"/>
                <column code="SCOUNTERPART" displayName="本方对接人" name="scounterpart" precision="30" propId="11"
                        stdDataType="string" stdSqlType="VARCHAR"/>
            </columns>
        </entity>
    </entities>
</orm>